<?xml version="1.0" encoding="UTF-8"?>
<!-- Generated by org.testng.reporters.JUnitXMLReporter -->
<testsuite hostname="A2-11" name="Default test" tests="4" failures="0" timestamp="20 Jan 2012 18:11:19 GMT" time="40.019" errors="0">
  <testcase name="modificarUsuario" time="0.502" classname="es.cea.chat.TestArrancaChat"/>
  <testcase name="pruebaEliminarMensaje" time="0.051" classname="es.cea.chat.TestArrancaChat"/>
  <testcase name="pruebaInsertarMensaje" time="0.049" classname="es.cea.chat.TestArrancaChat"/>
  <testcase name="pruebaMEnsajesEnDB" time="0.011" classname="es.cea.chat.TestArrancaChat"/>
</testsuite>
