<?xml version="1.0" encoding="UTF-8"?>
<testng-results skipped="0" failed="0" total="4" passed="4">
  <reporter-output>
  </reporter-output>
  <suite name="Default suite" duration-ms="40019" started-at="2012-01-20T20:10:39Z" finished-at="2012-01-20T20:11:19Z">
    <groups>
    </groups>
    <test name="Default test" duration-ms="40019" started-at="2012-01-20T20:10:39Z" finished-at="2012-01-20T20:11:19Z">
      <class name="es.cea.chat.TestArrancaChat">
        <test-method status="PASS" signature="arranca()[pri:0, instance:es.cea.chat.TestArrancaChat@4e9bea]" name="arranca" is-config="true" duration-ms="10560" started-at="2012-01-20T20:10:39Z" finished-at="2012-01-20T20:10:49Z">
        </test-method>
        <test-method status="PASS" signature="modificarUsuario()[pri:0, instance:es.cea.chat.TestArrancaChat@4e9bea]" name="modificarUsuario" duration-ms="502" started-at="2012-01-20T20:10:49Z" finished-at="2012-01-20T20:10:50Z">
        </test-method>
        <test-method status="PASS" signature="arranca()[pri:0, instance:es.cea.chat.TestArrancaChat@4e9bea]" name="arranca" is-config="true" duration-ms="9715" started-at="2012-01-20T20:10:50Z" finished-at="2012-01-20T20:10:59Z">
        </test-method>
        <test-method status="PASS" signature="pruebaEliminarMensaje()[pri:0, instance:es.cea.chat.TestArrancaChat@4e9bea]" name="pruebaEliminarMensaje" duration-ms="51" started-at="2012-01-20T20:10:59Z" finished-at="2012-01-20T20:10:59Z">
        </test-method>
        <test-method status="PASS" signature="arranca()[pri:0, instance:es.cea.chat.TestArrancaChat@4e9bea]" name="arranca" is-config="true" duration-ms="9585" started-at="2012-01-20T20:10:59Z" finished-at="2012-01-20T20:11:09Z">
        </test-method>
        <test-method status="PASS" signature="pruebaInsertarMensaje()[pri:0, instance:es.cea.chat.TestArrancaChat@4e9bea]" name="pruebaInsertarMensaje" duration-ms="49" started-at="2012-01-20T20:11:09Z" finished-at="2012-01-20T20:11:09Z">
        </test-method>
        <test-method status="PASS" signature="arranca()[pri:0, instance:es.cea.chat.TestArrancaChat@4e9bea]" name="arranca" is-config="true" duration-ms="9528" started-at="2012-01-20T20:11:09Z" finished-at="2012-01-20T20:11:19Z">
        </test-method>
        <test-method status="PASS" signature="pruebaMEnsajesEnDB()[pri:0, instance:es.cea.chat.TestArrancaChat@4e9bea]" name="pruebaMEnsajesEnDB" duration-ms="11" started-at="2012-01-20T20:11:19Z" finished-at="2012-01-20T20:11:19Z">
        </test-method>
        <test-method status="PASS" signature="finalizarTest()[pri:0, instance:es.cea.chat.TestArrancaChat@4e9bea]" name="finalizarTest" is-config="true" duration-ms="3" started-at="2012-01-20T20:11:19Z" finished-at="2012-01-20T20:11:19Z">
        </test-method>
      </class>
    </test>
  </suite>
</testng-results>
